<?xml version="1.0" encoding="UTF-8"?>
<!-- Generated by org.testng.reporters.JUnitReportReporter -->
<testsuite skipped="0" hostname="LAPTOP-KQLR3DVV" name="CirclesLifeTest" tests="2" failures="0" timestamp="26 May 2018 15:17:58 GMT" time="34.683" errors="0">
  <testcase name="signUp" time="29.671" classname="CirclesLifeTest"/>
  <testcase name="email_Verification" time="5.012" classname="CirclesLifeTest"/>
</testsuite> <!-- CirclesLifeTest -->
